[localhost/mysite/wp-content/themes/betheme/images/favicon.ico]
[backblue.gif]
[fade.gif]
[index.html]
[localhost/mysite/feed/index.html]
[localhost/mysite/comments/feed/index.html]
[localhost/mysite/home/feed/index.html]
[localhost/mysite/wp-content/plugins/LayerSlider/static/layerslider/js/greensockb3a6.js]
[localhost/mysite/wp-includes/js/jquery/jqueryb8ff.js]
[localhost/mysite/wp-includes/js/jquery/jquery-migrate.min330a.js]
[localhost/mysite/wp-content/plugins/LayerSlider/static/layerslider/js/layerslider.kreaturamedia.jquerya086.js]
[localhost/mysite/wp-content/plugins/LayerSlider/static/layerslider/js/layerslider.transitionsa086.js]
[localhost/mysite/wp-content/plugins/revslider/public/assets/js/jquery.themepunch.tools.minc225.js]
[localhost/mysite/wp-content/plugins/revslider/public/assets/js/jquery.themepunch.revolution.minc225.js]
[localhost/mysite/xmlrpc0db0.php]
[localhost/mysite/wp-includes/wlwmanifest.xml]
[localhost/mysite/wp-json/index.html]
[localhost/mysite/wp-json/oembed/1.0/embed9e30.json]
[localhost/mysite/wp-json/oembed/1.0/embed0a6d]
[localhost/mysite/wp-content/uploads/2017/03/home_guesthouse_subheader1.jpg]
[localhost/mysite/wp-content/uploads/2018/07/logo1.jpg]
[localhost/mysite/wp-content/uploads/2018/07/notebook.jpg]
[localhost/mysite/wp-content/uploads/2017/03/home_guesthouse_header_contentslider1-1.jpg]
[localhost/mysite/wp-content/uploads/2017/03/home_guesthouse_header_contentslider2-1.jpg]
[localhost/mysite/wp-content/uploads/2017/03/home_guesthouse_header_contentslider3-1.jpg]
[localhost/mysite/wp-content/uploads/2017/03/home_guesthouse_pic2.png]
[localhost/mysite/wp-content/uploads/2017/02/home_guesthouse_zoombox1_num.png]
[localhost/mysite/wp-content/uploads/2017/02/home_guesthouse_zoombox1.jpg]
[localhost/mysite/wp-content/uploads/2017/02/home_guesthouse_zoombox1_icon.png]
[localhost/mysite/wp-content/uploads/2017/02/home_guesthouse_zoombox2_num.png]
[localhost/mysite/wp-content/uploads/2017/02/home_guesthouse_zoombox2.jpg]
[localhost/mysite/wp-content/uploads/2017/02/home_guesthouse_zoombox3_num.png]
[localhost/mysite/wp-content/uploads/2017/02/home_guesthouse_zoombox3.jpg]
[localhost/mysite/wp-content/uploads/2017/02/home_guesthouse_sectionbg2.jpg]
[localhost/mysite/wp-content/uploads/2017/02/home_guesthouse_blockquote.png]
[localhost/mysite/wp-content/uploads/2017/02/home_guesthouse_pic1.png]
[localhost/mysite/wp-content/uploads/2017/03/home_guesthouse_room1-1.jpg]
[localhost/mysite/wp-content/uploads/2017/03/home_guesthouse_room2-1.jpg]
[localhost/mysite/wp-content/uploads/2017/03/home_guesthouse_room3-1.jpg]
[localhost/mysite/wp-content/uploads/2017/03/home_guesthouse_room4-1.jpg]
[localhost/mysite/wp-content/plugins/contact-form-7/includes/js/scriptsce52.js]
[localhost/mysite/wp-includes/js/jquery/ui/core.mine899.js]
[localhost/mysite/wp-includes/js/jquery/ui/widget.mine899.js]
[localhost/mysite/wp-includes/js/jquery/ui/mouse.mine899.js]
[localhost/mysite/wp-includes/js/jquery/ui/sortable.mine899.js]
[localhost/mysite/wp-includes/js/jquery/ui/tabs.mine899.js]
[localhost/mysite/wp-includes/js/jquery/ui/accordion.mine899.js]
[localhost/mysite/wp-content/themes/betheme/js/plugins4d75.js]
[localhost/mysite/wp-content/themes/betheme/js/menu4d75.js]
[localhost/mysite/wp-content/themes/betheme/assets/animations/animations.min4d75.js]
[localhost/mysite/wp-content/themes/betheme/assets/jplayer/jplayer.min4d75.js]
[localhost/mysite/wp-content/themes/betheme/js/parallax/translate3d4d75.js]
[localhost/mysite/wp-content/themes/betheme/js/parallax/smoothscroll4d75.js]
[localhost/mysite/wp-content/themes/betheme/js/scripts4d75.js]
[localhost/mysite/wp-includes/js/comment-reply.min37cb.js]
[localhost/mysite/wp-includes/js/wp-embed.min37cb.js]
[localhost/mysite/index.html]
[localhost/mysite/wp-admin/admin-ajax.html]
[localhost/mysite/wp-content/plugins/LayerSlider/static/layerslider/css/layerslidera086.css]
[localhost/mysite/wp-content/plugins/contact-form-7/images/ajax-loader.gif]
[localhost/mysite/wp-content/plugins/contact-form-7/includes/css/stylesce52.css]
[localhost/mysite/wp-content/plugins/revslider/public/assets/fonts/revicons/revicons90c6.eot]
[localhost/mysite/wp-content/plugins/revslider/public/assets/fonts/revicons/revicons90c6.woff]
[localhost/mysite/wp-content/plugins/revslider/public/assets/fonts/revicons/revicons90c6.ttf]
[localhost/mysite/wp-content/plugins/revslider/public/assets/assets/gridtile.png]
[localhost/mysite/wp-content/plugins/revslider/public/assets/assets/gridtile_white.png]
[localhost/mysite/wp-content/plugins/revslider/public/assets/assets/gridtile_3x3.png]
[localhost/mysite/wp-content/plugins/revslider/public/assets/assets/gridtile_3x3_white.png]
[localhost/mysite/wp-content/plugins/revslider/public/assets/assets/coloredbg.png]
[localhost/mysite/wp-content/plugins/revslider/public/assets/assets/loader.gif]
[localhost/mysite/wp-content/plugins/revslider/public/assets/css/settingsc225.css]
[localhost/mysite/wp-content/themes/betheme/style4d75.css]
[localhost/mysite/wp-content/themes/betheme/images/box_shadow_button.png]
[localhost/mysite/wp-content/themes/betheme/fonts/mfn-icons2e38.eot]
[localhost/mysite/wp-content/themes/betheme/fonts/mfn-icons2e38.woff]
[localhost/mysite/wp-content/themes/betheme/fonts/mfn-icons2e38.ttf]
[localhost/mysite/wp-content/themes/betheme/images/contact_form_error.png]
[localhost/mysite/wp-content/themes/betheme/images/bg_panel.png]
[localhost/mysite/wp-content/themes/betheme/images/stripes/stripes_5_b.png]
[localhost/mysite/wp-content/themes/betheme/css/base4d75.css]
[localhost/mysite/wp-content/themes/betheme/images/stripes/stripes_3_b.png]
[localhost/mysite/wp-content/themes/betheme/images/box_shadow.png]
[localhost/mysite/wp-content/themes/betheme/images/preloader.gif]
[localhost/mysite/wp-content/themes/betheme/images/blockquote.png]
[localhost/mysite/wp-content/themes/betheme/images/link.png]
[localhost/mysite/wp-content/themes/betheme/images/top_bar_right_shadow.png]
[localhost/mysite/wp-content/themes/betheme/images/blog_masonry_tile_gradient.png]
[localhost/mysite/wp-content/themes/betheme/images/timeline_right.png]
[localhost/mysite/wp-content/themes/betheme/images/photo.png]
[localhost/mysite/wp-content/themes/betheme/images/recent_comments.png]
[localhost/mysite/wp-content/themes/betheme/images/stripes/stripes_10_w.png]
[localhost/mysite/wp-content/themes/betheme/images/videomask.png]
[localhost/mysite/wp-content/themes/betheme/images/fancy_heading_hr_dark.png]
[localhost/mysite/wp-content/themes/betheme/css/layout4d75.css]
[localhost/mysite/wp-content/themes/betheme/images/stripes/textline.png]
[localhost/mysite/wp-content/themes/betheme/images/icons/list_check.png]
[localhost/mysite/wp-content/themes/betheme/images/icons/list_star.png]
[localhost/mysite/wp-content/themes/betheme/images/icons/list_idea.png]
[localhost/mysite/wp-content/themes/betheme/images/stripes/stripes_10_b.png]
[localhost/mysite/wp-content/themes/betheme/images/progressbar.png]
[localhost/mysite/wp-content/themes/betheme/images/timeline_top.png]
[localhost/mysite/wp-content/themes/betheme/images/timeline_left.png]
[localhost/mysite/wp-content/themes/betheme/images/fancy_heading_hr.png]
[localhost/mysite/wp-content/themes/betheme/css/shortcodes4d75.css]
[localhost/mysite/wp-content/themes/betheme/assets/animations/animations.min4d75.css]
[localhost/mysite/wp-content/themes/betheme/assets/ui/images/ui-icons_222222_256x240.png]
[localhost/mysite/wp-content/themes/betheme/assets/ui/images/ui-bg_flat_0_aaaaaa_40x100.png]
[localhost/mysite/wp-content/themes/betheme/assets/ui/images/bg_widget_header.png]
[localhost/mysite/wp-content/themes/betheme/assets/ui/images/bg_widget_header_active.png]
[localhost/mysite/wp-content/themes/betheme/assets/ui/images/ui-bg_flat_75_ffffff_40x100.png]
[localhost/mysite/wp-content/themes/betheme/assets/ui/images/ui-bg_glass_55_fbf9ee_1x400.png]
[localhost/mysite/wp-content/themes/betheme/assets/ui/images/ui-bg_glass_95_fef1ec_1x400.png]
[localhost/mysite/wp-content/themes/betheme/assets/ui/images/ui-icons_888888_256x240.png]
[localhost/mysite/wp-content/themes/betheme/assets/ui/images/ui-icons_2e83ff_256x240.png]
[localhost/mysite/wp-content/themes/betheme/assets/ui/images/ui-icons_cd0a0a_256x240.png]
[localhost/mysite/wp-content/themes/betheme/assets/ui/images/ui-icons_454545_256x240.png]
[localhost/mysite/wp-content/themes/betheme/assets/ui/jquery.ui.all4d75.css]
[localhost/mysite/wp-content/themes/betheme/assets/prettyPhoto/images/default/sprite.png]
[localhost/mysite/wp-content/themes/betheme/assets/prettyPhoto/images/default/sprite_x.png]
[localhost/mysite/wp-content/themes/betheme/assets/prettyPhoto/images/default/sprite_y.png]
[localhost/mysite/wp-content/themes/betheme/assets/prettyPhoto/images/default/sprite_next.png]
[localhost/mysite/wp-content/themes/betheme/assets/prettyPhoto/images/default/sprite_prev.png]
[localhost/mysite/wp-content/themes/betheme/assets/prettyPhoto/images/default/default_thumb.png]
[localhost/mysite/wp-content/themes/betheme/assets/prettyPhoto/images/default/loader.gif]
[localhost/mysite/wp-content/themes/betheme/assets/prettyPhoto/images/light_rounded/sprite.png]
[localhost/mysite/wp-content/themes/betheme/assets/prettyPhoto/images/light_rounded/btnNext.png]
[localhost/mysite/wp-content/themes/betheme/assets/prettyPhoto/images/light_rounded/btnPrevious.png]
[localhost/mysite/wp-content/themes/betheme/assets/prettyPhoto/images/dark_rounded/sprite.png]
[localhost/mysite/wp-content/themes/betheme/assets/prettyPhoto/images/dark_rounded/contentPattern.png]
[localhost/mysite/wp-content/themes/betheme/assets/prettyPhoto/images/dark_rounded/btnNext.png]
[localhost/mysite/wp-content/themes/betheme/assets/prettyPhoto/images/dark_rounded/btnPrevious.png]
[localhost/mysite/wp-content/themes/betheme/assets/prettyPhoto/images/dark_rounded/loader.gif]
[localhost/mysite/wp-content/themes/betheme/assets/prettyPhoto/images/dark_square/loader.gif]
[localhost/mysite/wp-content/themes/betheme/assets/prettyPhoto/images/dark_square/sprite.png]
[localhost/mysite/wp-content/themes/betheme/assets/prettyPhoto/images/dark_square/btnNext.png]
[localhost/mysite/wp-content/themes/betheme/assets/prettyPhoto/images/dark_square/btnPrevious.png]
[localhost/mysite/wp-content/themes/betheme/assets/prettyPhoto/images/light_square/sprite.png]
[localhost/mysite/wp-content/themes/betheme/assets/prettyPhoto/images/light_square/btnNext.png]
[localhost/mysite/wp-content/themes/betheme/assets/prettyPhoto/images/light_square/btnPrevious.png]
[localhost/mysite/wp-content/themes/betheme/assets/prettyPhoto/images/facebook/sprite.png]
[localhost/mysite/wp-content/themes/betheme/assets/prettyPhoto/images/facebook/contentPatternTop.png]
[localhost/mysite/wp-content/themes/betheme/assets/prettyPhoto/images/facebook/contentPatternLeft.png]
[localhost/mysite/wp-content/themes/betheme/assets/prettyPhoto/images/facebook/contentPatternRight.png]
[localhost/mysite/wp-content/themes/betheme/assets/prettyPhoto/images/facebook/loader.gif]
[localhost/mysite/wp-content/themes/betheme/assets/prettyPhoto/images/facebook/btnNext.png]
[localhost/mysite/wp-content/themes/betheme/assets/prettyPhoto/images/facebook/btnPrevious.png]
[localhost/mysite/wp-content/themes/betheme/assets/prettyPhoto/images/facebook/contentPatternBottom.png]
[localhost/mysite/wp-content/themes/betheme/assets/prettyPhoto/images/facebook/default_thumbnail.gif]
[localhost/mysite/wp-content/themes/betheme/assets/prettyPhoto/images/light_rounded/loader.gif]
[localhost/mysite/wp-content/themes/betheme/assets/prettyPhoto/prettyPhoto4d75.css]
[localhost/mysite/wp-content/themes/betheme/assets/jplayer/css/jplayer.png]
[localhost/mysite/wp-content/themes/betheme/assets/jplayer/css/jplayer.blue.monday.jpg]
[localhost/mysite/wp-content/themes/betheme/assets/jplayer/css/jplayer.blue.monday.seeking.gif]
[localhost/mysite/wp-content/themes/betheme/assets/jplayer/css/jplayer.blue.monday4d75.css]
[localhost/mysite/wp-content/themes/betheme/css/responsive4d75.css]
[localhost/mysite/wp-json/oembed/1.0/embedf249.json]
[localhost/mysite/wp-json/oembed/1.0/embed7829]
[localhost/mysite/wp-content/uploads/2017/03/home_guesthouse_house_pic3.jpg]
[localhost/mysite/wp-content/uploads/2017/03/home_guesthouse_house_pic1.png]
[localhost/mysite/wp-content/uploads/2017/03/home_guesthouse_house_pic2.png]
[localhost/mysite/wp-content/uploads/2017/03/home_guesthouse_sectionbg3.png]
[localhost/mysite/wp-content/uploads/2017/02/home_guesthouse_hoverbox1a.jpg]
[localhost/mysite/wp-content/uploads/2017/03/home_guesthouse_house_pic4_1.png]
[localhost/mysite/wp-content/uploads/2017/03/home_guesthouse_house_pic4_2.png]
[localhost/mysite/wp-content/uploads/2017/03/home_guesthouse_house_pic4_3.png]
[localhost/mysite/my-work/index.html]
[localhost/mysite/wp-json/oembed/1.0/embedd79b.json]
[localhost/mysite/wp-json/oembed/1.0/embed754e]
[localhost/mysite/wp-content/uploads/2017/03/home_guesthouse_room1.jpg]
[localhost/mysite/wp-content/uploads/2017/03/home_guesthouse_room2.jpg]
[localhost/mysite/wp-content/uploads/2017/03/home_guesthouse_room3.jpg]
[localhost/mysite/wp-content/uploads/2017/03/home_guesthouse_room4.jpg]
[localhost/mysite/portfolio/index.html]
[localhost/mysite/wp-json/oembed/1.0/embed2322.json]
[localhost/mysite/wp-json/oembed/1.0/embed51f1]
[localhost/mysite/wp-content/uploads/2017/03/home_guesthouse_roomdetails1.jpg]
[localhost/mysite/wp-content/uploads/2017/03/home_guesthouse_roomdetails2.png]
[localhost/mysite/gallery/index.html]
[localhost/mysite/wp-json/oembed/1.0/embedf298.json]
[localhost/mysite/wp-json/oembed/1.0/embed08de]
[localhost/mysite/wp-content/uploads/2017/03/home_guesthouse_subheader2.jpg]
[localhost/mysite/wp-content/uploads/2017/03/home_guesthouse_gallery1.jpg]
[localhost/mysite/wp-content/uploads/2017/03/home_guesthouse_gallery2.jpg]
[localhost/mysite/wp-content/uploads/2017/03/home_guesthouse_gallery3.jpg]
[localhost/mysite/wp-content/uploads/2017/03/home_guesthouse_gallery4.jpg]
[localhost/mysite/wp-content/uploads/2017/03/home_guesthouse_gallery5.jpg]
[localhost/mysite/wp-content/uploads/2017/03/home_guesthouse_gallery6.jpg]
[localhost/mysite/policy/index.html]
[localhost/mysite/wp-json/oembed/1.0/embeda5e3.json]
[localhost/mysite/wp-json/oembed/1.0/embed7c45]
[localhost/mysite/wp-content/uploads/2017/03/home_guesthouse_sectionbg4.jpg]
[localhost/mysite/contact/index.html]
[localhost/mysite/wp-content/plugins/revslider/public/assets/fonts/revicons/revicons90c6.svg]
[localhost/mysite/wp-content/plugins/revslider/public/assets/css/openhand.html]
[localhost/mysite/wp-content/plugins/revslider/public/assets/css/closedhand.html]
[localhost/mysite/wp-content/themes/betheme/fonts/mfn-icons2e38.svg]
[localhost/mysite/index2dc4.html]
[localhost/mysite/indexa1ca.html]
[localhost/mysite/room-details/index.html]
[localhost/mysite/index7ef4.html]
[localhost/mysite/indexd8eb.html]
[localhost/mysite/index5831.html]
